<?xml version="1.0" encoding="UTF-8"?>
<!-- Generated by org.testng.reporters.JUnitReportReporter -->
<testsuite hostname="Sriram" name="week9.Jtest" tests="1" failures="0" timestamp="20 Mar 2016 16:55:27 GMT" time="0.391" errors="0">
  <testcase name="myTestMethod" time="0.391" classname="week9.Jtest"/>
</testsuite> <!-- week9.Jtest -->
