<?xml version="1.0" encoding="UTF-8"?>
<!-- Generated by org.testng.reporters.JUnitReportReporter -->
<testsuite hostname="Sriram" name="week9.NPUStudentLoginTestNG" tests="1" failures="0" timestamp="3 Apr 2016 17:39:54 GMT" time="54.377" errors="0">
  <testcase name="NPUStudentLogin" time="54.377" classname="week9.NPUStudentLoginTestNG"/>
</testsuite> <!-- week9.NPUStudentLoginTestNG -->
