<?xml version="1.0" encoding="UTF-8"?>
<!-- Generated by org.testng.reporters.JUnitReportReporter -->
<testsuite hostname="Sriram" name="finalproject.Pricesearch" tests="1" failures="0" timestamp="9 Jun 2016 02:54:11 GMT" time="39.661" errors="0">
  <testcase name="priceprocess" time="39.661" classname="finalproject.Pricesearch"/>
</testsuite> <!-- finalproject.Pricesearch -->
