<?xml version="1.0" encoding="UTF-8"?>
<!-- Generated by org.testng.reporters.JUnitReportReporter -->
<testsuite hostname="Sriram" name="finalproject.homeworks" tests="1" failures="0" timestamp="31 Jul 2016 04:59:52 GMT" time="379.977" errors="0">
  <testcase name="NPUStudentLogin" time="379.977" classname="finalproject.homeworks"/>
</testsuite> <!-- finalproject.homeworks -->
